# JRE version: 7.0_11-b21
# Java VM: Java HotSpot(TM) Client VM (23.6-b04 mixed mode windows-x86 )
Heap
 def new generation   total 29504K, used 15477K [0x13450000, 0x15450000, 0x15450000)
  eden space 26240K,  46% used [0x13450000, 0x1403d5f0, 0x14df0000)
  from space 3264K, 100% used [0x14df0000, 0x15120000, 0x15120000)
  to   space 3264K,   0% used [0x15120000, 0x15120000, 0x15450000)
 tenured generation   total 98304K, used 82568K [0x15450000, 0x1b450000, 0x1b450000)
   the space 98304K,  83% used [0x15450000, 0x1a4f20c0, 0x1a4f2200, 0x1b450000)
 compacting perm gen  total 43008K, used 42763K [0x1b450000, 0x1de50000, 0x21450000)
   the space 43008K,  99% used [0x1b450000, 0x1de12d58, 0x1de12e00, 0x1de50000)
GC Heap History (10 events):
Event: 7269.376 GC heap before
{Heap before GC invocations=962 (full 14):
 def new generation   total 29504K, used 27407K [0x13450000, 0x15450000, 0x15450000)
  eden space 26240K, 100% used [0x13450000, 0x14df0000, 0x14df0000)
  from space 3264K,  35% used [0x15120000, 0x15243e68, 0x15450000)
  to   space 3264K,   0% used [0x14df0000, 0x14df0000, 0x15120000)
 tenured generation   total 98304K, used 80605K [0x15450000, 0x1b450000, 0x1b450000)
   the space 98304K,  81% used [0x15450000, 0x1a307600, 0x1a307600, 0x1b450000)
 compacting perm gen  total 41728K, used 41577K [0x1b450000, 0x1dd10000, 0x21450000)
   the space 41728K,  99% used [0x1b450000, 0x1dcea400, 0x1dcea400, 0x1dd10000)
No shared spaces configured.
Event: 7269.380 GC heap after
Heap after GC invocations=963 (full 14):
 def new generation   total 29504K, used 1354K [0x13450000, 0x15450000, 0x15450000)
  eden space 26240K,   0% used [0x13450000, 0x13450000, 0x14df0000)
  from space 3264K,  41% used [0x14df0000, 0x14f42948, 0x15120000)
  to   space 3264K,   0% used [0x15120000, 0x15120000, 0x15450000)
 tenured generation   total 98304K, used 80605K [0x15450000, 0x1b450000, 0x1b450000)
   the space 98304K,  81% used [0x15450000, 0x1a307600, 0x1a307600, 0x1b450000)
 compacting perm gen  total 41728K, used 41577K [0x1b450000, 0x1dd10000, 0x21450000)
   the space 41728K,  99% used [0x1b450000, 0x1dcea400, 0x1dcea400, 0x1dd10000)
No shared spaces configured.
}
Event: 7270.276 GC heap before
{Heap before GC invocations=963 (full 14):
 def new generation   total 29504K, used 27594K [0x13450000, 0x15450000, 0x15450000)
  eden space 26240K, 100% used [0x13450000, 0x14df0000, 0x14df0000)
  from space 3264K,  41% used [0x14df0000, 0x14f42948, 0x15120000)
  to   space 3264K,   0% used [0x15120000, 0x15120000, 0x15450000)
 tenured generation   total 98304K, used 80605K [0x15450000, 0x1b450000, 0x1b450000)
   the space 98304K,  81% used [0x15450000, 0x1a307600, 0x1a307600, 0x1b450000)
 compacting perm gen  total 41728K, used 41577K [0x1b450000, 0x1dd10000, 0x21450000)
   the space 41728K,  99% used [0x1b450000, 0x1dcea400, 0x1dcea400, 0x1dd10000)
No shared spaces configured.
Event: 7270.280 GC heap after
Heap after GC invocations=964 (full 14):
 def new generation   total 29504K, used 1362K [0x13450000, 0x15450000, 0x15450000)
  eden space 26240K,   0% used [0x13450000, 0x13450000, 0x14df0000)
  from space 3264K,  41% used [0x15120000, 0x152748c8, 0x15450000)
  to   space 3264K,   0% used [0x14df0000, 0x14df0000, 0x15120000)
 tenured generation   total 98304K, used 80605K [0x15450000, 0x1b450000, 0x1b450000)
   the space 98304K,  81% used [0x15450000, 0x1a307600, 0x1a307600, 0x1b450000)
 compacting perm gen  total 41728K, used 41577K [0x1b450000, 0x1dd10000, 0x21450000)
   the space 41728K,  99% used [0x1b450000, 0x1dcea400, 0x1dcea400, 0x1dd10000)
No shared spaces configured.
}
Event: 7305.293 GC heap before
{Heap before GC invocations=964 (full 14):
 def new generation   total 29504K, used 27602K [0x13450000, 0x15450000, 0x15450000)
  eden space 26240K, 100% used [0x13450000, 0x14df0000, 0x14df0000)
  from space 3264K,  41% used [0x15120000, 0x152748c8, 0x15450000)
  to   space 3264K,   0% used [0x14df0000, 0x14df0000, 0x15120000)
 tenured generation   total 98304K, used 80605K [0x15450000, 0x1b450000, 0x1b450000)
   the space 98304K,  81% used [0x15450000, 0x1a307600, 0x1a307600, 0x1b450000)
 compacting perm gen  total 41728K, used 41577K [0x1b450000, 0x1dd10000, 0x21450000)
   the space 41728K,  99% used [0x1b450000, 0x1dcea400, 0x1dcea400, 0x1dd10000)
No shared spaces configured.
Event: 7305.306 GC heap after
Heap after GC invocations=965 (full 14):
 def new generation   total 29504K, used 1401K [0x13450000, 0x15450000, 0x15450000)
  eden space 26240K,   0% used [0x13450000, 0x13450000, 0x14df0000)
  from space 3264K,  42% used [0x14df0000, 0x14f4e748, 0x15120000)
  to   space 3264K,   0% used [0x15120000, 0x15120000, 0x15450000)
 tenured generation   total 98304K, used 80605K [0x15450000, 0x1b450000, 0x1b450000)
   the space 98304K,  81% used [0x15450000, 0x1a307600, 0x1a307600, 0x1b450000)
 compacting perm gen  total 41728K, used 41577K [0x1b450000, 0x1dd10000, 0x21450000)
   the space 41728K,  99% used [0x1b450000, 0x1dcea400, 0x1dcea400, 0x1dd10000)
No shared spaces configured.
}
Event: 7317.004 GC heap before
{Heap before GC invocations=965 (full 14):
 def new generation   total 29504K, used 27641K [0x13450000, 0x15450000, 0x15450000)
  eden space 26240K, 100% used [0x13450000, 0x14df0000, 0x14df0000)
  from space 3264K,  42% used [0x14df0000, 0x14f4e748, 0x15120000)
  to   space 3264K,   0% used [0x15120000, 0x15120000, 0x15450000)
 tenured generation   total 98304K, used 80605K [0x15450000, 0x1b450000, 0x1b450000)
   the space 98304K,  81% used [0x15450000, 0x1a307600, 0x1a307600, 0x1b450000)
 compacting perm gen  total 41728K, used 41699K [0x1b450000, 0x1dd10000, 0x21450000)
   the space 41728K,  99% used [0x1b450000, 0x1dd08f10, 0x1dd09000, 0x1dd10000)
No shared spaces configured.
Event: 7317.021 GC heap after
Heap after GC invocations=966 (full 14):
 def new generation   total 29504K, used 2269K [0x13450000, 0x15450000, 0x15450000)
  eden space 26240K,   0% used [0x13450000, 0x13450000, 0x14df0000)
  from space 3264K,  69% used [0x15120000, 0x15357578, 0x15450000)
  to   space 3264K,   0% used [0x14df0000, 0x14df0000, 0x15120000)
 tenured generation   total 98304K, used 80605K [0x15450000, 0x1b450000, 0x1b450000)
   the space 98304K,  81% used [0x15450000, 0x1a307600, 0x1a307600, 0x1b450000)
 compacting perm gen  total 41728K, used 41699K [0x1b450000, 0x1dd10000, 0x21450000)
   the space 41728K,  99% used [0x1b450000, 0x1dd08f10, 0x1dd09000, 0x1dd10000)
No shared spaces configured.
}
Event: 7333.416 GC heap before
{Heap before GC invocations=966 (full 14):
 def new generation   total 29504K, used 28509K [0x13450000, 0x15450000, 0x15450000)
  eden space 26240K, 100% used [0x13450000, 0x14df0000, 0x14df0000)
  from space 3264K,  69% used [0x15120000, 0x15357578, 0x15450000)
  to   space 3264K,   0% used [0x14df0000, 0x14df0000, 0x15120000)
 tenured generation   total 98304K, used 80605K [0x15450000, 0x1b450000, 0x1b450000)
   the space 98304K,  81% used [0x15450000, 0x1a307600, 0x1a307600, 0x1b450000)
 compacting perm gen  total 42240K, used 42214K [0x1b450000, 0x1dd90000, 0x21450000)
   the space 42240K,  99% used [0x1b450000, 0x1dd89948, 0x1dd89a00, 0x1dd90000)
No shared spaces configured.
Event: 7333.443 GC heap after
Heap after GC invocations=967 (full 14):
 def new generation   total 29504K, used 3264K [0x13450000, 0x15450000, 0x15450000)
  eden space 26240K,   0% used [0x13450000, 0x13450000, 0x14df0000)
  from space 3264K, 100% used [0x14df0000, 0x15120000, 0x15120000)
  to   space 3264K,   0% used [0x15120000, 0x15120000, 0x15450000)
 tenured generation   total 98304K, used 82568K [0x15450000, 0x1b450000, 0x1b450000)
   the space 98304K,  83% used [0x15450000, 0x1a4f20c0, 0x1a4f2200, 0x1b450000)
 compacting perm gen  total 42240K, used 42214K [0x1b450000, 0x1dd90000, 0x21450000)
   the space 42240K,  99% used [0x1b450000, 0x1dd89948, 0x1dd89a00, 0x1dd90000)
No shared spaces configured.
}

